2022-07-07 17:46:02,786 INFO org.hibernate.validator.internal.util.Version [background-preinit] HV000001: Hibernate Validator 6.2.3.Final
2022-07-07 17:46:02,791 INFO org.springframework.boot.StartupInfoLogger [main] Starting BloggingApplication using Java 17.0.2 on FVFH348JQ05P.local with PID 99627 (/Users/unthinkable/Documents/blogging-application/target/classes started by unthinkable in /Users/unthinkable/Documents/blogging-application)
2022-07-07 17:46:02,791 INFO org.springframework.boot.SpringApplication [main] No active profile set, falling back to 1 default profile: "default"
2022-07-07 17:46:03,176 INFO org.springframework.data.repository.config.RepositoryConfigurationDelegate [main] Bootstrapping Spring Data JPA repositories in DEFAULT mode.
2022-07-07 17:46:03,198 INFO org.springframework.data.repository.config.RepositoryConfigurationDelegate [main] Finished Spring Data repository scanning in 18 ms. Found 1 JPA repository interfaces.
2022-07-07 17:46:03,476 INFO org.springframework.boot.web.embedded.tomcat.TomcatWebServer [main] Tomcat initialized with port(s): 8000 (http)
2022-07-07 17:46:03,483 INFO org.apache.juli.logging.DirectJDKLog [main] Initializing ProtocolHandler ["http-nio-8000"]
2022-07-07 17:46:03,483 INFO org.apache.juli.logging.DirectJDKLog [main] Starting service [Tomcat]
2022-07-07 17:46:03,483 INFO org.apache.juli.logging.DirectJDKLog [main] Starting Servlet engine: [Apache Tomcat/9.0.62]
2022-07-07 17:46:03,554 INFO org.apache.juli.logging.DirectJDKLog [main] Initializing Spring embedded WebApplicationContext
2022-07-07 17:46:03,555 INFO org.springframework.boot.web.servlet.context.ServletWebServerApplicationContext [main] Root WebApplicationContext: initialization completed in 742 ms
2022-07-07 17:46:03,656 INFO org.hibernate.jpa.internal.util.LogHelper [main] HHH000204: Processing PersistenceUnitInfo [name: default]
2022-07-07 17:46:03,680 INFO org.hibernate.Version [main] HHH000412: Hibernate ORM core version 5.6.8.Final
2022-07-07 17:46:03,751 INFO org.hibernate.annotations.common.reflection.java.JavaReflectionManager [main] HCANN000001: Hibernate Commons Annotations {5.1.2.Final}
2022-07-07 17:46:03,792 INFO com.zaxxer.hikari.HikariDataSource [main] HikariPool-1 - Starting...
2022-07-07 17:46:03,874 INFO com.zaxxer.hikari.HikariDataSource [main] HikariPool-1 - Start completed.
2022-07-07 17:46:03,887 INFO org.hibernate.dialect.Dialect [main] HHH000400: Using dialect: org.hibernate.dialect.PostgreSQL10Dialect
2022-07-07 17:46:04,220 INFO org.hibernate.engine.transaction.jta.platform.internal.JtaPlatformInitiator [main] HHH000490: Using JtaPlatform implementation: [org.hibernate.engine.transaction.jta.platform.internal.NoJtaPlatform]
2022-07-07 17:46:04,225 INFO org.springframework.orm.jpa.AbstractEntityManagerFactoryBean [main] Initialized JPA EntityManagerFactory for persistence unit 'default'
2022-07-07 17:46:04,535 WARN org.springframework.boot.autoconfigure.orm.jpa.JpaBaseConfiguration$JpaWebConfiguration [main] spring.jpa.open-in-view is enabled by default. Therefore, database queries may be performed during view rendering. Explicitly configure spring.jpa.open-in-view to disable this warning
2022-07-07 17:46:04,598 INFO springfox.documentation.spring.web.PropertySourcedRequestMappingHandlerMapping [main] Mapped URL path [/v2/api-docs] onto method [springfox.documentation.swagger2.web.Swagger2Controller#getDocumentation(String, HttpServletRequest)]
2022-07-07 17:46:04,718 INFO org.apache.juli.logging.DirectJDKLog [main] Starting ProtocolHandler ["http-nio-8000"]
2022-07-07 17:46:04,725 INFO org.springframework.boot.web.embedded.tomcat.TomcatWebServer [main] Tomcat started on port(s): 8000 (http) with context path ''
2022-07-07 17:46:04,726 INFO springfox.documentation.spring.web.plugins.DocumentationPluginsBootstrapper [main] Context refreshed
2022-07-07 17:46:04,734 INFO springfox.documentation.spring.web.plugins.DocumentationPluginsBootstrapper [main] Found 1 custom documentation plugin(s)
2022-07-07 17:46:04,745 INFO springfox.documentation.spring.web.scanners.ApiListingReferenceScanner [main] Scanning for api listing references
2022-07-07 17:46:04,755 INFO org.springframework.boot.StartupInfoLogger [main] Started BloggingApplication in 2.246 seconds (JVM running for 2.564)
2022-07-07 17:46:28,124 INFO org.springframework.orm.jpa.AbstractEntityManagerFactoryBean [SpringApplicationShutdownHook] Closing JPA EntityManagerFactory for persistence unit 'default'
2022-07-07 17:46:28,125 INFO com.zaxxer.hikari.HikariDataSource [SpringApplicationShutdownHook] HikariPool-1 - Shutdown initiated...
2022-07-07 17:46:28,127 INFO com.zaxxer.hikari.HikariDataSource [SpringApplicationShutdownHook] HikariPool-1 - Shutdown completed.
2022-07-07 17:46:30,859 INFO org.hibernate.validator.internal.util.Version [background-preinit] HV000001: Hibernate Validator 6.2.3.Final
2022-07-07 17:46:30,864 INFO org.springframework.boot.StartupInfoLogger [main] Starting BloggingApplication using Java 17.0.2 on FVFH348JQ05P.local with PID 99646 (/Users/unthinkable/Documents/blogging-application/target/classes started by unthinkable in /Users/unthinkable/Documents/blogging-application)
2022-07-07 17:46:30,864 INFO org.springframework.boot.SpringApplication [main] No active profile set, falling back to 1 default profile: "default"
2022-07-07 17:46:31,301 INFO org.springframework.data.repository.config.RepositoryConfigurationDelegate [main] Bootstrapping Spring Data JPA repositories in DEFAULT mode.
2022-07-07 17:46:31,323 INFO org.springframework.data.repository.config.RepositoryConfigurationDelegate [main] Finished Spring Data repository scanning in 17 ms. Found 1 JPA repository interfaces.
2022-07-07 17:46:31,625 INFO org.springframework.boot.web.embedded.tomcat.TomcatWebServer [main] Tomcat initialized with port(s): 8000 (http)
2022-07-07 17:46:31,630 INFO org.apache.juli.logging.DirectJDKLog [main] Initializing ProtocolHandler ["http-nio-8000"]
2022-07-07 17:46:31,631 INFO org.apache.juli.logging.DirectJDKLog [main] Starting service [Tomcat]
2022-07-07 17:46:31,631 INFO org.apache.juli.logging.DirectJDKLog [main] Starting Servlet engine: [Apache Tomcat/9.0.62]
2022-07-07 17:46:31,701 INFO org.apache.juli.logging.DirectJDKLog [main] Initializing Spring embedded WebApplicationContext
2022-07-07 17:46:31,701 INFO org.springframework.boot.web.servlet.context.ServletWebServerApplicationContext [main] Root WebApplicationContext: initialization completed in 811 ms
2022-07-07 17:46:31,779 INFO org.hibernate.jpa.internal.util.LogHelper [main] HHH000204: Processing PersistenceUnitInfo [name: default]
2022-07-07 17:46:31,799 INFO org.hibernate.Version [main] HHH000412: Hibernate ORM core version 5.6.8.Final
2022-07-07 17:46:31,870 INFO org.hibernate.annotations.common.reflection.java.JavaReflectionManager [main] HCANN000001: Hibernate Commons Annotations {5.1.2.Final}
2022-07-07 17:46:31,911 INFO com.zaxxer.hikari.HikariDataSource [main] HikariPool-1 - Starting...
2022-07-07 17:46:32,002 INFO com.zaxxer.hikari.HikariDataSource [main] HikariPool-1 - Start completed.
2022-07-07 17:46:32,016 INFO org.hibernate.dialect.Dialect [main] HHH000400: Using dialect: org.hibernate.dialect.PostgreSQL10Dialect
2022-07-07 17:46:32,352 INFO org.hibernate.engine.transaction.jta.platform.internal.JtaPlatformInitiator [main] HHH000490: Using JtaPlatform implementation: [org.hibernate.engine.transaction.jta.platform.internal.NoJtaPlatform]
2022-07-07 17:46:32,357 INFO org.springframework.orm.jpa.AbstractEntityManagerFactoryBean [main] Initialized JPA EntityManagerFactory for persistence unit 'default'
2022-07-07 17:46:32,708 WARN org.springframework.boot.autoconfigure.orm.jpa.JpaBaseConfiguration$JpaWebConfiguration [main] spring.jpa.open-in-view is enabled by default. Therefore, database queries may be performed during view rendering. Explicitly configure spring.jpa.open-in-view to disable this warning
2022-07-07 17:46:32,773 INFO springfox.documentation.spring.web.PropertySourcedRequestMappingHandlerMapping [main] Mapped URL path [/v2/api-docs] onto method [springfox.documentation.swagger2.web.Swagger2Controller#getDocumentation(String, HttpServletRequest)]
2022-07-07 17:46:32,894 INFO org.apache.juli.logging.DirectJDKLog [main] Starting ProtocolHandler ["http-nio-8000"]
2022-07-07 17:46:32,902 INFO org.springframework.boot.web.embedded.tomcat.TomcatWebServer [main] Tomcat started on port(s): 8000 (http) with context path ''
2022-07-07 17:46:32,903 INFO springfox.documentation.spring.web.plugins.DocumentationPluginsBootstrapper [main] Context refreshed
2022-07-07 17:46:32,911 INFO springfox.documentation.spring.web.plugins.DocumentationPluginsBootstrapper [main] Found 1 custom documentation plugin(s)
2022-07-07 17:46:32,923 INFO springfox.documentation.spring.web.scanners.ApiListingReferenceScanner [main] Scanning for api listing references
2022-07-07 17:46:32,932 INFO org.springframework.boot.StartupInfoLogger [main] Started BloggingApplication in 2.226 seconds (JVM running for 2.558)
2022-07-07 17:46:51,837 INFO org.springframework.orm.jpa.AbstractEntityManagerFactoryBean [SpringApplicationShutdownHook] Closing JPA EntityManagerFactory for persistence unit 'default'
2022-07-07 17:46:51,838 INFO com.zaxxer.hikari.HikariDataSource [SpringApplicationShutdownHook] HikariPool-1 - Shutdown initiated...
2022-07-07 17:46:51,840 INFO com.zaxxer.hikari.HikariDataSource [SpringApplicationShutdownHook] HikariPool-1 - Shutdown completed.
2022-07-07 17:46:54,840 INFO org.hibernate.validator.internal.util.Version [background-preinit] HV000001: Hibernate Validator 6.2.3.Final
2022-07-07 17:46:54,844 INFO org.springframework.boot.StartupInfoLogger [main] Starting BloggingApplication using Java 17.0.2 on FVFH348JQ05P.local with PID 99666 (/Users/unthinkable/Documents/blogging-application/target/classes started by unthinkable in /Users/unthinkable/Documents/blogging-application)
2022-07-07 17:46:54,844 INFO org.springframework.boot.SpringApplication [main] No active profile set, falling back to 1 default profile: "default"
2022-07-07 17:46:55,260 INFO org.springframework.data.repository.config.RepositoryConfigurationDelegate [main] Bootstrapping Spring Data JPA repositories in DEFAULT mode.
2022-07-07 17:46:55,282 INFO org.springframework.data.repository.config.RepositoryConfigurationDelegate [main] Finished Spring Data repository scanning in 18 ms. Found 1 JPA repository interfaces.
2022-07-07 17:46:55,568 INFO org.springframework.boot.web.embedded.tomcat.TomcatWebServer [main] Tomcat initialized with port(s): 8000 (http)
2022-07-07 17:46:55,573 INFO org.apache.juli.logging.DirectJDKLog [main] Initializing ProtocolHandler ["http-nio-8000"]
2022-07-07 17:46:55,573 INFO org.apache.juli.logging.DirectJDKLog [main] Starting service [Tomcat]
2022-07-07 17:46:55,573 INFO org.apache.juli.logging.DirectJDKLog [main] Starting Servlet engine: [Apache Tomcat/9.0.62]
2022-07-07 17:46:55,628 INFO org.apache.juli.logging.DirectJDKLog [main] Initializing Spring embedded WebApplicationContext
2022-07-07 17:46:55,628 INFO org.springframework.boot.web.servlet.context.ServletWebServerApplicationContext [main] Root WebApplicationContext: initialization completed in 761 ms
2022-07-07 17:46:55,702 INFO org.hibernate.jpa.internal.util.LogHelper [main] HHH000204: Processing PersistenceUnitInfo [name: default]
2022-07-07 17:46:55,723 INFO org.hibernate.Version [main] HHH000412: Hibernate ORM core version 5.6.8.Final
2022-07-07 17:46:55,788 INFO org.hibernate.annotations.common.reflection.java.JavaReflectionManager [main] HCANN000001: Hibernate Commons Annotations {5.1.2.Final}
2022-07-07 17:46:55,829 INFO com.zaxxer.hikari.HikariDataSource [main] HikariPool-1 - Starting...
2022-07-07 17:46:55,915 INFO com.zaxxer.hikari.HikariDataSource [main] HikariPool-1 - Start completed.
2022-07-07 17:46:55,928 INFO org.hibernate.dialect.Dialect [main] HHH000400: Using dialect: org.hibernate.dialect.PostgreSQL10Dialect
2022-07-07 17:46:56,255 INFO org.hibernate.engine.transaction.jta.platform.internal.JtaPlatformInitiator [main] HHH000490: Using JtaPlatform implementation: [org.hibernate.engine.transaction.jta.platform.internal.NoJtaPlatform]
2022-07-07 17:46:56,259 INFO org.springframework.orm.jpa.AbstractEntityManagerFactoryBean [main] Initialized JPA EntityManagerFactory for persistence unit 'default'
2022-07-07 17:46:56,600 WARN org.springframework.boot.autoconfigure.orm.jpa.JpaBaseConfiguration$JpaWebConfiguration [main] spring.jpa.open-in-view is enabled by default. Therefore, database queries may be performed during view rendering. Explicitly configure spring.jpa.open-in-view to disable this warning
2022-07-07 17:46:56,660 INFO springfox.documentation.spring.web.PropertySourcedRequestMappingHandlerMapping [main] Mapped URL path [/v2/api-docs] onto method [springfox.documentation.swagger2.web.Swagger2Controller#getDocumentation(String, HttpServletRequest)]
2022-07-07 17:46:56,781 INFO org.apache.juli.logging.DirectJDKLog [main] Starting ProtocolHandler ["http-nio-8000"]
2022-07-07 17:46:56,789 INFO org.springframework.boot.web.embedded.tomcat.TomcatWebServer [main] Tomcat started on port(s): 8000 (http) with context path ''
2022-07-07 17:46:56,789 INFO springfox.documentation.spring.web.plugins.DocumentationPluginsBootstrapper [main] Context refreshed
2022-07-07 17:46:56,797 INFO springfox.documentation.spring.web.plugins.DocumentationPluginsBootstrapper [main] Found 1 custom documentation plugin(s)
2022-07-07 17:46:56,809 INFO springfox.documentation.spring.web.scanners.ApiListingReferenceScanner [main] Scanning for api listing references
2022-07-07 17:46:56,821 INFO org.springframework.boot.StartupInfoLogger [main] Started BloggingApplication in 2.134 seconds (JVM running for 2.449)
2022-07-07 17:47:14,800 INFO org.apache.juli.logging.DirectJDKLog [http-nio-8000-exec-1] Initializing Spring DispatcherServlet 'dispatcherServlet'
2022-07-07 17:47:14,801 INFO org.springframework.web.servlet.FrameworkServlet [http-nio-8000-exec-1] Initializing Servlet 'dispatcherServlet'
2022-07-07 17:47:14,802 INFO org.springframework.web.servlet.FrameworkServlet [http-nio-8000-exec-1] Completed initialization in 1 ms
2022-07-07 17:47:14,823 INFO com.blogging.application.api.UserController [http-nio-8000-exec-1] An INFO Message
2022-07-07 17:47:14,824 WARN com.blogging.application.api.UserController [http-nio-8000-exec-1] A WARN Message
2022-07-07 17:47:14,824 ERROR com.blogging.application.api.UserController [http-nio-8000-exec-1] An ERROR Message
2022-07-07 17:47:16,018 INFO com.blogging.application.api.UserController [http-nio-8000-exec-2] An INFO Message
2022-07-07 17:47:16,019 WARN com.blogging.application.api.UserController [http-nio-8000-exec-2] A WARN Message
2022-07-07 17:47:16,022 ERROR com.blogging.application.api.UserController [http-nio-8000-exec-2] An ERROR Message
2022-07-07 17:47:16,576 INFO com.blogging.application.api.UserController [http-nio-8000-exec-3] An INFO Message
2022-07-07 17:47:16,579 WARN com.blogging.application.api.UserController [http-nio-8000-exec-3] A WARN Message
2022-07-07 17:47:16,579 ERROR com.blogging.application.api.UserController [http-nio-8000-exec-3] An ERROR Message
2022-07-07 17:47:16,747 INFO com.blogging.application.api.UserController [http-nio-8000-exec-4] An INFO Message
2022-07-07 17:47:16,748 WARN com.blogging.application.api.UserController [http-nio-8000-exec-4] A WARN Message
2022-07-07 17:47:16,748 ERROR com.blogging.application.api.UserController [http-nio-8000-exec-4] An ERROR Message
2022-07-07 17:47:16,901 INFO com.blogging.application.api.UserController [http-nio-8000-exec-5] An INFO Message
2022-07-07 17:47:16,901 WARN com.blogging.application.api.UserController [http-nio-8000-exec-5] A WARN Message
2022-07-07 17:47:16,901 ERROR com.blogging.application.api.UserController [http-nio-8000-exec-5] An ERROR Message
2022-07-07 17:48:16,328 INFO org.springframework.orm.jpa.AbstractEntityManagerFactoryBean [SpringApplicationShutdownHook] Closing JPA EntityManagerFactory for persistence unit 'default'
2022-07-07 17:48:16,329 INFO com.zaxxer.hikari.HikariDataSource [SpringApplicationShutdownHook] HikariPool-1 - Shutdown initiated...
2022-07-07 17:48:16,330 INFO com.zaxxer.hikari.HikariDataSource [SpringApplicationShutdownHook] HikariPool-1 - Shutdown completed.
2022-07-07 17:48:23,783 INFO org.hibernate.validator.internal.util.Version [background-preinit] HV000001: Hibernate Validator 6.2.3.Final
2022-07-07 17:48:23,787 INFO org.springframework.boot.StartupInfoLogger [main] Starting BloggingApplication using Java 17.0.2 on FVFH348JQ05P.local with PID 99690 (/Users/unthinkable/Documents/blogging-application/target/classes started by unthinkable in /Users/unthinkable/Documents/blogging-application)
2022-07-07 17:48:23,788 INFO org.springframework.boot.SpringApplication [main] No active profile set, falling back to 1 default profile: "default"
2022-07-07 17:48:24,143 INFO org.springframework.data.repository.config.RepositoryConfigurationDelegate [main] Bootstrapping Spring Data JPA repositories in DEFAULT mode.
2022-07-07 17:48:24,169 INFO org.springframework.data.repository.config.RepositoryConfigurationDelegate [main] Finished Spring Data repository scanning in 20 ms. Found 1 JPA repository interfaces.
2022-07-07 17:48:24,426 INFO org.springframework.boot.web.embedded.tomcat.TomcatWebServer [main] Tomcat initialized with port(s): 8000 (http)
2022-07-07 17:48:24,431 INFO org.apache.juli.logging.DirectJDKLog [main] Initializing ProtocolHandler ["http-nio-8000"]
2022-07-07 17:48:24,432 INFO org.apache.juli.logging.DirectJDKLog [main] Starting service [Tomcat]
2022-07-07 17:48:24,432 INFO org.apache.juli.logging.DirectJDKLog [main] Starting Servlet engine: [Apache Tomcat/9.0.62]
2022-07-07 17:48:24,489 INFO org.apache.juli.logging.DirectJDKLog [main] Initializing Spring embedded WebApplicationContext
2022-07-07 17:48:24,490 INFO org.springframework.boot.web.servlet.context.ServletWebServerApplicationContext [main] Root WebApplicationContext: initialization completed in 680 ms
2022-07-07 17:48:24,555 INFO org.hibernate.jpa.internal.util.LogHelper [main] HHH000204: Processing PersistenceUnitInfo [name: default]
2022-07-07 17:48:24,577 INFO org.hibernate.Version [main] HHH000412: Hibernate ORM core version 5.6.8.Final
2022-07-07 17:48:24,639 INFO org.hibernate.annotations.common.reflection.java.JavaReflectionManager [main] HCANN000001: Hibernate Commons Annotations {5.1.2.Final}
2022-07-07 17:48:24,675 INFO com.zaxxer.hikari.HikariDataSource [main] HikariPool-1 - Starting...
2022-07-07 17:48:24,756 INFO com.zaxxer.hikari.HikariDataSource [main] HikariPool-1 - Start completed.
2022-07-07 17:48:24,767 INFO org.hibernate.dialect.Dialect [main] HHH000400: Using dialect: org.hibernate.dialect.PostgreSQL10Dialect
2022-07-07 17:48:25,037 INFO org.hibernate.engine.transaction.jta.platform.internal.JtaPlatformInitiator [main] HHH000490: Using JtaPlatform implementation: [org.hibernate.engine.transaction.jta.platform.internal.NoJtaPlatform]
2022-07-07 17:48:25,041 INFO org.springframework.orm.jpa.AbstractEntityManagerFactoryBean [main] Initialized JPA EntityManagerFactory for persistence unit 'default'
2022-07-07 17:48:25,372 WARN org.springframework.boot.autoconfigure.orm.jpa.JpaBaseConfiguration$JpaWebConfiguration [main] spring.jpa.open-in-view is enabled by default. Therefore, database queries may be performed during view rendering. Explicitly configure spring.jpa.open-in-view to disable this warning
2022-07-07 17:48:25,440 INFO springfox.documentation.spring.web.PropertySourcedRequestMappingHandlerMapping [main] Mapped URL path [/v2/api-docs] onto method [springfox.documentation.swagger2.web.Swagger2Controller#getDocumentation(String, HttpServletRequest)]
2022-07-07 17:48:25,572 INFO org.apache.juli.logging.DirectJDKLog [main] Starting ProtocolHandler ["http-nio-8000"]
2022-07-07 17:48:25,581 INFO org.springframework.boot.web.embedded.tomcat.TomcatWebServer [main] Tomcat started on port(s): 8000 (http) with context path ''
2022-07-07 17:48:25,582 INFO springfox.documentation.spring.web.plugins.DocumentationPluginsBootstrapper [main] Context refreshed
2022-07-07 17:48:25,590 INFO springfox.documentation.spring.web.plugins.DocumentationPluginsBootstrapper [main] Found 1 custom documentation plugin(s)
2022-07-07 17:48:25,600 INFO springfox.documentation.spring.web.scanners.ApiListingReferenceScanner [main] Scanning for api listing references
2022-07-07 17:48:25,610 INFO org.springframework.boot.StartupInfoLogger [main] Started BloggingApplication in 2.116 seconds (JVM running for 2.456)
2022-07-07 17:48:50,124 INFO org.apache.juli.logging.DirectJDKLog [http-nio-8000-exec-1] Initializing Spring DispatcherServlet 'dispatcherServlet'
2022-07-07 17:48:50,125 INFO org.springframework.web.servlet.FrameworkServlet [http-nio-8000-exec-1] Initializing Servlet 'dispatcherServlet'
2022-07-07 17:48:50,126 INFO org.springframework.web.servlet.FrameworkServlet [http-nio-8000-exec-1] Completed initialization in 1 ms
2022-07-07 17:48:50,149 INFO com.blogging.application.api.UserController [http-nio-8000-exec-1] An INFO Message
2022-07-07 17:48:50,149 WARN com.blogging.application.api.UserController [http-nio-8000-exec-1] A WARN Message
2022-07-07 17:48:50,150 ERROR com.blogging.application.api.UserController [http-nio-8000-exec-1] An ERROR Message
2022-07-07 17:58:44,509 INFO org.springframework.orm.jpa.AbstractEntityManagerFactoryBean [SpringApplicationShutdownHook] Closing JPA EntityManagerFactory for persistence unit 'default'
2022-07-07 17:58:44,511 INFO com.zaxxer.hikari.HikariDataSource [SpringApplicationShutdownHook] HikariPool-1 - Shutdown initiated...
2022-07-07 17:58:44,512 INFO com.zaxxer.hikari.HikariDataSource [SpringApplicationShutdownHook] HikariPool-1 - Shutdown completed.
2022-07-07 17:58:48,291 INFO org.hibernate.validator.internal.util.Version [background-preinit] HV000001: Hibernate Validator 6.2.3.Final
2022-07-07 17:58:48,294 INFO org.springframework.boot.StartupInfoLogger [main] Starting BloggingApplication using Java 17.0.2 on FVFH348JQ05P.local with PID 99792 (/Users/unthinkable/Documents/blogging-application/target/classes started by unthinkable in /Users/unthinkable/Documents/blogging-application)
2022-07-07 17:58:48,294 INFO org.springframework.boot.SpringApplication [main] No active profile set, falling back to 1 default profile: "default"
2022-07-07 17:58:48,680 INFO org.springframework.data.repository.config.RepositoryConfigurationDelegate [main] Bootstrapping Spring Data JPA repositories in DEFAULT mode.
2022-07-07 17:58:48,704 INFO org.springframework.data.repository.config.RepositoryConfigurationDelegate [main] Finished Spring Data repository scanning in 19 ms. Found 1 JPA repository interfaces.
2022-07-07 17:58:48,959 INFO org.springframework.boot.web.embedded.tomcat.TomcatWebServer [main] Tomcat initialized with port(s): 8000 (http)
2022-07-07 17:58:48,964 INFO org.apache.juli.logging.DirectJDKLog [main] Initializing ProtocolHandler ["http-nio-8000"]
2022-07-07 17:58:48,965 INFO org.apache.juli.logging.DirectJDKLog [main] Starting service [Tomcat]
2022-07-07 17:58:48,965 INFO org.apache.juli.logging.DirectJDKLog [main] Starting Servlet engine: [Apache Tomcat/9.0.62]
2022-07-07 17:58:49,016 INFO org.apache.juli.logging.DirectJDKLog [main] Initializing Spring embedded WebApplicationContext
2022-07-07 17:58:49,016 INFO org.springframework.boot.web.servlet.context.ServletWebServerApplicationContext [main] Root WebApplicationContext: initialization completed in 700 ms
2022-07-07 17:58:49,092 INFO org.hibernate.jpa.internal.util.LogHelper [main] HHH000204: Processing PersistenceUnitInfo [name: default]
2022-07-07 17:58:49,111 INFO org.hibernate.Version [main] HHH000412: Hibernate ORM core version 5.6.8.Final
2022-07-07 17:58:49,178 INFO org.hibernate.annotations.common.reflection.java.JavaReflectionManager [main] HCANN000001: Hibernate Commons Annotations {5.1.2.Final}
2022-07-07 17:58:49,218 INFO com.zaxxer.hikari.HikariDataSource [main] HikariPool-1 - Starting...
2022-07-07 17:58:49,307 INFO com.zaxxer.hikari.HikariDataSource [main] HikariPool-1 - Start completed.
2022-07-07 17:58:49,318 INFO org.hibernate.dialect.Dialect [main] HHH000400: Using dialect: org.hibernate.dialect.PostgreSQL10Dialect
2022-07-07 17:58:49,624 INFO org.hibernate.engine.transaction.jta.platform.internal.JtaPlatformInitiator [main] HHH000490: Using JtaPlatform implementation: [org.hibernate.engine.transaction.jta.platform.internal.NoJtaPlatform]
2022-07-07 17:58:49,628 INFO org.springframework.orm.jpa.AbstractEntityManagerFactoryBean [main] Initialized JPA EntityManagerFactory for persistence unit 'default'
2022-07-07 17:58:49,926 WARN org.springframework.boot.autoconfigure.orm.jpa.JpaBaseConfiguration$JpaWebConfiguration [main] spring.jpa.open-in-view is enabled by default. Therefore, database queries may be performed during view rendering. Explicitly configure spring.jpa.open-in-view to disable this warning
2022-07-07 17:58:49,980 INFO springfox.documentation.spring.web.PropertySourcedRequestMappingHandlerMapping [main] Mapped URL path [/v2/api-docs] onto method [springfox.documentation.swagger2.web.Swagger2Controller#getDocumentation(String, HttpServletRequest)]
2022-07-07 17:58:50,103 INFO org.apache.juli.logging.DirectJDKLog [main] Starting ProtocolHandler ["http-nio-8000"]
2022-07-07 17:58:50,115 INFO org.springframework.boot.web.embedded.tomcat.TomcatWebServer [main] Tomcat started on port(s): 8000 (http) with context path ''
2022-07-07 17:58:50,115 INFO springfox.documentation.spring.web.plugins.DocumentationPluginsBootstrapper [main] Context refreshed
2022-07-07 17:58:50,123 INFO springfox.documentation.spring.web.plugins.DocumentationPluginsBootstrapper [main] Found 1 custom documentation plugin(s)
2022-07-07 17:58:50,157 INFO springfox.documentation.spring.web.scanners.ApiListingReferenceScanner [main] Scanning for api listing references
2022-07-07 17:58:50,168 INFO org.springframework.boot.StartupInfoLogger [main] Started BloggingApplication in 2.169 seconds (JVM running for 2.471)
2022-07-07 17:59:02,987 INFO org.apache.juli.logging.DirectJDKLog [http-nio-8000-exec-1] Initializing Spring DispatcherServlet 'dispatcherServlet'
2022-07-07 17:59:02,987 INFO org.springframework.web.servlet.FrameworkServlet [http-nio-8000-exec-1] Initializing Servlet 'dispatcherServlet'
2022-07-07 17:59:02,988 INFO org.springframework.web.servlet.FrameworkServlet [http-nio-8000-exec-1] Completed initialization in 1 ms
2022-07-07 17:59:03,004 INFO com.blogging.application.api.UserController [http-nio-8000-exec-1] An INFO Message
2022-07-07 17:59:03,004 WARN com.blogging.application.api.UserController [http-nio-8000-exec-1] A WARN Message
2022-07-07 17:59:03,004 ERROR com.blogging.application.api.UserController [http-nio-8000-exec-1] An ERROR Message
2022-07-07 18:07:24,106 INFO org.springframework.orm.jpa.AbstractEntityManagerFactoryBean [SpringApplicationShutdownHook] Closing JPA EntityManagerFactory for persistence unit 'default'
2022-07-07 18:07:24,109 INFO com.zaxxer.hikari.HikariDataSource [SpringApplicationShutdownHook] HikariPool-1 - Shutdown initiated...
2022-07-07 18:07:24,112 INFO com.zaxxer.hikari.HikariDataSource [SpringApplicationShutdownHook] HikariPool-1 - Shutdown completed.
